build/intermediates/manifest_merge_blame_file/debug/manifest-merger-blame-debug-report.txt
1<?xml version="1.0" encoding="utf-8"?>
2<manifest xmlns:android="http://schemas.android.com/apk/res/android"
3    package="com.example.wildproject"
4    android:versionCode="1"
5    android:versionName="1.0" >
6
7    <uses-sdk
8        android:minSdkVersion="23"
8-->src\main\AndroidManifest.xml
9        android:targetSdkVersion="33" />
9-->src\main\AndroidManifest.xml
10
11    <uses-permission android:name="android.permission.ACCESS_NETWORK_STATE" />
11-->[com.firebaseui:firebase-ui-auth:7.2.0] AndroidManifest.xml:12:5-79
11-->[com.firebaseui:firebase-ui-auth:7.2.0] AndroidManifest.xml:12:22-76
12    <uses-permission android:name="android.permission.INTERNET" />
12-->[com.firebaseui:firebase-ui-auth:7.2.0] AndroidManifest.xml:13:5-67
12-->[com.firebaseui:firebase-ui-auth:7.2.0] AndroidManifest.xml:13:22-64
13
14    <permission
14-->[androidx.core:core:1.9.0] AndroidManifest.xml:22:5-24:47
15        android:name="com.example.wildproject.DYNAMIC_RECEIVER_NOT_EXPORTED_PERMISSION"
15-->[androidx.core:core:1.9.0] AndroidManifest.xml:23:9-81
16        android:protectionLevel="signature" />
16-->[androidx.core:core:1.9.0] AndroidManifest.xml:24:9-44
17
18    <uses-permission android:name="com.example.wildproject.DYNAMIC_RECEIVER_NOT_EXPORTED_PERMISSION" />
18-->[androidx.core:core:1.9.0] AndroidManifest.xml:26:5-97
18-->[androidx.core:core:1.9.0] AndroidManifest.xml:26:22-94
19
20    <application
20-->src\main\AndroidManifest.xml:5:5-52:19
21        android:allowBackup="true"
21-->src\main\AndroidManifest.xml:6:9-35
22        android:appComponentFactory="androidx.core.app.CoreComponentFactory"
22-->[androidx.core:core:1.9.0] AndroidManifest.xml:28:18-86
23        android:dataExtractionRules="@xml/data_extraction_rules"
23-->src\main\AndroidManifest.xml:7:9-65
24        android:debuggable="true"
25        android:extractNativeLibs="false"
26        android:fullBackupContent="@xml/backup_rules"
26-->src\main\AndroidManifest.xml:8:9-54
27        android:icon="@mipmap/ic_launcher"
27-->src\main\AndroidManifest.xml:9:9-43
28        android:label="@string/app_name"
28-->src\main\AndroidManifest.xml:10:9-41
29        android:roundIcon="@mipmap/ic_launcher_round"
29-->src\main\AndroidManifest.xml:11:9-54
30        android:supportsRtl="true"
30-->src\main\AndroidManifest.xml:12:9-35
31        android:testOnly="true"
32        android:theme="@style/Theme.WildProject"
32-->src\main\AndroidManifest.xml:13:9-49
33        android:usesCleartextTraffic="true" >
33-->src\main\AndroidManifest.xml:14:9-44
34        <activity
34-->src\main\AndroidManifest.xml:16:9-22:20
35            android:name="com.example.wildproject.ForgotPasswordActivity"
35-->src\main\AndroidManifest.xml:17:13-51
36            android:exported="false" >
36-->src\main\AndroidManifest.xml:18:13-37
37            <meta-data
37-->src\main\AndroidManifest.xml:19:13-21:36
38                android:name="android.app.lib_name"
38-->src\main\AndroidManifest.xml:20:17-52
39                android:value="" />
39-->src\main\AndroidManifest.xml:21:17-33
40        </activity>
41        <activity
41-->src\main\AndroidManifest.xml:23:9-29:20
42            android:name="com.example.wildproject.TermsActivity"
42-->src\main\AndroidManifest.xml:24:13-42
43            android:exported="false" >
43-->src\main\AndroidManifest.xml:25:13-37
44            <meta-data
44-->src\main\AndroidManifest.xml:19:13-21:36
45                android:name="android.app.lib_name"
45-->src\main\AndroidManifest.xml:20:17-52
46                android:value="" />
46-->src\main\AndroidManifest.xml:21:17-33
47        </activity>
48        <activity
48-->src\main\AndroidManifest.xml:30:9-43:20
49            android:name="com.example.wildproject.LoginActivity"
49-->src\main\AndroidManifest.xml:31:13-42
50            android:exported="true"
50-->src\main\AndroidManifest.xml:32:13-36
51            android:screenOrientation="portrait" >
51-->src\main\AndroidManifest.xml:33:13-49
52            <meta-data
52-->src\main\AndroidManifest.xml:19:13-21:36
53                android:name="android.app.lib_name"
53-->src\main\AndroidManifest.xml:20:17-52
54                android:value="" />
54-->src\main\AndroidManifest.xml:21:17-33
55
56            <intent-filter>
56-->src\main\AndroidManifest.xml:38:13-42:29
57                <action android:name="android.intent.action.MAIN" />
57-->src\main\AndroidManifest.xml:39:17-69
57-->src\main\AndroidManifest.xml:39:25-66
58
59                <category android:name="android.intent.category.LAUNCHER" />
59-->src\main\AndroidManifest.xml:41:17-77
59-->src\main\AndroidManifest.xml:41:27-74
60            </intent-filter>
61        </activity>
62        <activity
62-->src\main\AndroidManifest.xml:44:9-51:20
63            android:name="com.example.wildproject.MainActivity"
63-->src\main\AndroidManifest.xml:45:13-41
64            android:exported="true"
64-->src\main\AndroidManifest.xml:46:13-36
65            android:screenOrientation="portrait" >
65-->src\main\AndroidManifest.xml:47:13-49
66            <meta-data
66-->src\main\AndroidManifest.xml:19:13-21:36
67                android:name="android.app.lib_name"
67-->src\main\AndroidManifest.xml:20:17-52
68                android:value="" />
68-->src\main\AndroidManifest.xml:21:17-33
69        </activity>
70
71        <meta-data
71-->[com.firebaseui:firebase-ui-auth:7.2.0] AndroidManifest.xml:16:9-18:69
72            android:name="com.google.android.gms.version"
72-->[com.firebaseui:firebase-ui-auth:7.2.0] AndroidManifest.xml:17:13-58
73            android:value="@integer/google_play_services_version" />
73-->[com.firebaseui:firebase-ui-auth:7.2.0] AndroidManifest.xml:18:13-66
74        <meta-data
74-->[com.firebaseui:firebase-ui-auth:7.2.0] AndroidManifest.xml:19:9-21:63
75            android:name="com.facebook.sdk.ApplicationId"
75-->[com.firebaseui:firebase-ui-auth:7.2.0] AndroidManifest.xml:20:13-58
76            android:value="@string/facebook_application_id" />
76-->[com.firebaseui:firebase-ui-auth:7.2.0] AndroidManifest.xml:21:13-60
77
78        <activity
78-->[com.firebaseui:firebase-ui-auth:7.2.0] AndroidManifest.xml:23:9-27:61
79            android:name="com.firebase.ui.auth.KickoffActivity"
79-->[com.firebaseui:firebase-ui-auth:7.2.0] AndroidManifest.xml:24:13-64
80            android:exported="false"
80-->[com.firebaseui:firebase-ui-auth:7.2.0] AndroidManifest.xml:25:13-37
81            android:label=""
81-->[com.firebaseui:firebase-ui-auth:7.2.0] AndroidManifest.xml:26:13-29
82            android:theme="@style/FirebaseUI.Transparent" />
82-->[com.firebaseui:firebase-ui-auth:7.2.0] AndroidManifest.xml:27:13-58
83        <activity
83-->[com.firebaseui:firebase-ui-auth:7.2.0] AndroidManifest.xml:28:9-32:61
84            android:name="com.firebase.ui.auth.ui.idp.SingleSignInActivity"
84-->[com.firebaseui:firebase-ui-auth:7.2.0] AndroidManifest.xml:29:13-76
85            android:exported="false"
85-->[com.firebaseui:firebase-ui-auth:7.2.0] AndroidManifest.xml:30:13-37
86            android:label=""
86-->[com.firebaseui:firebase-ui-auth:7.2.0] AndroidManifest.xml:31:13-29
87            android:theme="@style/FirebaseUI.Transparent" />
87-->[com.firebaseui:firebase-ui-auth:7.2.0] AndroidManifest.xml:32:13-58
88        <activity
88-->[com.firebaseui:firebase-ui-auth:7.2.0] AndroidManifest.xml:33:9-37:61
89            android:name="com.firebase.ui.auth.ui.credentials.CredentialSaveActivity"
89-->[com.firebaseui:firebase-ui-auth:7.2.0] AndroidManifest.xml:34:13-86
90            android:exported="false"
90-->[com.firebaseui:firebase-ui-auth:7.2.0] AndroidManifest.xml:35:13-37
91            android:label=""
91-->[com.firebaseui:firebase-ui-auth:7.2.0] AndroidManifest.xml:36:13-29
92            android:theme="@style/FirebaseUI.Transparent" />
92-->[com.firebaseui:firebase-ui-auth:7.2.0] AndroidManifest.xml:37:13-58
93        <activity
93-->[com.firebaseui:firebase-ui-auth:7.2.0] AndroidManifest.xml:38:9-42:58
94            android:name="com.firebase.ui.auth.ui.email.RecoverPasswordActivity"
94-->[com.firebaseui:firebase-ui-auth:7.2.0] AndroidManifest.xml:39:13-81
95            android:exported="false"
95-->[com.firebaseui:firebase-ui-auth:7.2.0] AndroidManifest.xml:40:13-37
96            android:label="@string/fui_title_recover_password_activity"
96-->[com.firebaseui:firebase-ui-auth:7.2.0] AndroidManifest.xml:41:13-72
97            android:windowSoftInputMode="adjustResize" />
97-->[com.firebaseui:firebase-ui-auth:7.2.0] AndroidManifest.xml:42:13-55
98        <activity
98-->[com.firebaseui:firebase-ui-auth:7.2.0] AndroidManifest.xml:43:9-47:58
99            android:name="com.firebase.ui.auth.ui.email.EmailActivity"
99-->[com.firebaseui:firebase-ui-auth:7.2.0] AndroidManifest.xml:44:13-71
100            android:exported="false"
100-->[com.firebaseui:firebase-ui-auth:7.2.0] AndroidManifest.xml:45:13-37
101            android:label="@string/fui_sign_in_default"
101-->[com.firebaseui:firebase-ui-auth:7.2.0] AndroidManifest.xml:46:13-56
102            android:windowSoftInputMode="adjustResize" />
102-->[com.firebaseui:firebase-ui-auth:7.2.0] AndroidManifest.xml:47:13-55
103        <activity
103-->[com.firebaseui:firebase-ui-auth:7.2.0] AndroidManifest.xml:48:9-52:77
104            android:name="com.firebase.ui.auth.ui.phone.PhoneActivity"
104-->[com.firebaseui:firebase-ui-auth:7.2.0] AndroidManifest.xml:49:13-71
105            android:exported="false"
105-->[com.firebaseui:firebase-ui-auth:7.2.0] AndroidManifest.xml:50:13-37
106            android:label="@string/fui_sign_in_with_phone_number"
106-->[com.firebaseui:firebase-ui-auth:7.2.0] AndroidManifest.xml:51:13-66
107            android:windowSoftInputMode="adjustResize|stateAlwaysVisible" />
107-->[com.firebaseui:firebase-ui-auth:7.2.0] AndroidManifest.xml:52:13-74
108        <activity
108-->[com.firebaseui:firebase-ui-auth:7.2.0] AndroidManifest.xml:53:9-57:58
109            android:name="com.firebase.ui.auth.ui.idp.WelcomeBackIdpPrompt"
109-->[com.firebaseui:firebase-ui-auth:7.2.0] AndroidManifest.xml:54:13-76
110            android:exported="false"
110-->[com.firebaseui:firebase-ui-auth:7.2.0] AndroidManifest.xml:55:13-37
111            android:label="@string/fui_title_welcome_back_idp_prompt"
111-->[com.firebaseui:firebase-ui-auth:7.2.0] AndroidManifest.xml:56:13-70
112            android:windowSoftInputMode="adjustResize" />
112-->[com.firebaseui:firebase-ui-auth:7.2.0] AndroidManifest.xml:57:13-55
113        <activity
113-->[com.firebaseui:firebase-ui-auth:7.2.0] AndroidManifest.xml:58:9-62:58
114            android:name="com.firebase.ui.auth.ui.email.WelcomeBackPasswordPrompt"
114-->[com.firebaseui:firebase-ui-auth:7.2.0] AndroidManifest.xml:59:13-83
115            android:exported="false"
115-->[com.firebaseui:firebase-ui-auth:7.2.0] AndroidManifest.xml:60:13-37
116            android:label="@string/fui_title_welcome_back_password_prompt"
116-->[com.firebaseui:firebase-ui-auth:7.2.0] AndroidManifest.xml:61:13-75
117            android:windowSoftInputMode="adjustResize" />
117-->[com.firebaseui:firebase-ui-auth:7.2.0] AndroidManifest.xml:62:13-55
118        <activity
118-->[com.firebaseui:firebase-ui-auth:7.2.0] AndroidManifest.xml:63:9-67:58
119            android:name="com.firebase.ui.auth.ui.email.WelcomeBackEmailLinkPrompt"
119-->[com.firebaseui:firebase-ui-auth:7.2.0] AndroidManifest.xml:64:13-84
120            android:exported="false"
120-->[com.firebaseui:firebase-ui-auth:7.2.0] AndroidManifest.xml:65:13-37
121            android:label="@string/fui_title_welcome_back_password_prompt"
121-->[com.firebaseui:firebase-ui-auth:7.2.0] AndroidManifest.xml:66:13-75
122            android:windowSoftInputMode="adjustResize" />
122-->[com.firebaseui:firebase-ui-auth:7.2.0] AndroidManifest.xml:67:13-55
123        <activity
123-->[com.firebaseui:firebase-ui-auth:7.2.0] AndroidManifest.xml:68:9-73:58
124            android:name="com.firebase.ui.auth.ui.email.EmailLinkCatcherActivity"
124-->[com.firebaseui:firebase-ui-auth:7.2.0] AndroidManifest.xml:69:13-82
125            android:exported="false"
125-->[com.firebaseui:firebase-ui-auth:7.2.0] AndroidManifest.xml:70:13-37
126            android:label=""
126-->[com.firebaseui:firebase-ui-auth:7.2.0] AndroidManifest.xml:71:13-29
127            android:theme="@style/FirebaseUI.Transparent"
127-->[com.firebaseui:firebase-ui-auth:7.2.0] AndroidManifest.xml:72:13-58
128            android:windowSoftInputMode="adjustResize" />
128-->[com.firebaseui:firebase-ui-auth:7.2.0] AndroidManifest.xml:73:13-55
129        <activity
129-->[com.firebaseui:firebase-ui-auth:7.2.0] AndroidManifest.xml:74:9-78:58
130            android:name="com.firebase.ui.auth.ui.email.EmailLinkErrorRecoveryActivity"
130-->[com.firebaseui:firebase-ui-auth:7.2.0] AndroidManifest.xml:75:13-88
131            android:exported="false"
131-->[com.firebaseui:firebase-ui-auth:7.2.0] AndroidManifest.xml:76:13-37
132            android:label="@string/fui_sign_in_default"
132-->[com.firebaseui:firebase-ui-auth:7.2.0] AndroidManifest.xml:77:13-56
133            android:windowSoftInputMode="adjustResize" />
133-->[com.firebaseui:firebase-ui-auth:7.2.0] AndroidManifest.xml:78:13-55
134        <activity
134-->[com.firebaseui:firebase-ui-auth:7.2.0] AndroidManifest.xml:79:9-82:65
135            android:name="com.firebase.ui.auth.ui.idp.AuthMethodPickerActivity"
135-->[com.firebaseui:firebase-ui-auth:7.2.0] AndroidManifest.xml:80:13-80
136            android:exported="false"
136-->[com.firebaseui:firebase-ui-auth:7.2.0] AndroidManifest.xml:81:13-37
137            android:label="@string/fui_default_toolbar_title" />
137-->[com.firebaseui:firebase-ui-auth:7.2.0] AndroidManifest.xml:82:13-62
138        <activity
138-->[com.firebaseui:firebase-ui-auth:7.2.0] AndroidManifest.xml:83:9-87:48
139            android:name="com.facebook.FacebookActivity"
139-->[com.firebaseui:firebase-ui-auth:7.2.0] AndroidManifest.xml:84:13-57
140            android:configChanges="keyboard|keyboardHidden|screenLayout|screenSize|orientation"
140-->[com.firebaseui:firebase-ui-auth:7.2.0] AndroidManifest.xml:85:13-96
141            android:label="@string/app_name" />
141-->[com.firebaseui:firebase-ui-auth:7.2.0] AndroidManifest.xml:86:13-45
142        <activity
142-->[com.firebaseui:firebase-ui-auth:7.2.0] AndroidManifest.xml:88:9-100:20
143            android:name="com.facebook.CustomTabActivity"
143-->[com.firebaseui:firebase-ui-auth:7.2.0] AndroidManifest.xml:89:13-58
144            android:exported="true" >
144-->[com.firebaseui:firebase-ui-auth:7.2.0] AndroidManifest.xml:90:13-36
145            <intent-filter>
145-->[com.firebaseui:firebase-ui-auth:7.2.0] AndroidManifest.xml:92:13-99:29
146                <action android:name="android.intent.action.VIEW" />
146-->[com.firebaseui:firebase-ui-auth:7.2.0] AndroidManifest.xml:93:17-69
146-->[com.firebaseui:firebase-ui-auth:7.2.0] AndroidManifest.xml:93:25-66
147
148                <category android:name="android.intent.category.DEFAULT" />
148-->[com.firebaseui:firebase-ui-auth:7.2.0] AndroidManifest.xml:95:17-76
148-->[com.firebaseui:firebase-ui-auth:7.2.0] AndroidManifest.xml:95:27-73
149                <category android:name="android.intent.category.BROWSABLE" />
149-->[com.firebaseui:firebase-ui-auth:7.2.0] AndroidManifest.xml:96:17-78
149-->[com.firebaseui:firebase-ui-auth:7.2.0] AndroidManifest.xml:96:27-75
150
151                <data android:scheme="@string/facebook_login_protocol_scheme" />
151-->[com.firebaseui:firebase-ui-auth:7.2.0] AndroidManifest.xml:98:17-81
151-->[com.firebaseui:firebase-ui-auth:7.2.0] AndroidManifest.xml:98:23-78
152            </intent-filter>
153        </activity>
154
155        <provider
155-->[com.firebaseui:firebase-ui-auth:7.2.0] AndroidManifest.xml:102:9-106:38
156            android:name="com.firebase.ui.auth.data.client.AuthUiInitProvider"
156-->[com.firebaseui:firebase-ui-auth:7.2.0] AndroidManifest.xml:103:13-79
157            android:authorities="com.example.wildproject.authuiinitprovider"
157-->[com.firebaseui:firebase-ui-auth:7.2.0] AndroidManifest.xml:104:13-70
158            android:exported="false"
158-->[com.firebaseui:firebase-ui-auth:7.2.0] AndroidManifest.xml:105:13-37
159            android:initOrder="90" />
159-->[com.firebaseui:firebase-ui-auth:7.2.0] AndroidManifest.xml:106:13-35
160
161        <service
161-->[com.google.firebase:firebase-firestore-ktx:24.4.2] AndroidManifest.xml:11:9-17:19
162            android:name="com.google.firebase.components.ComponentDiscoveryService"
162-->[com.google.firebase:firebase-firestore-ktx:24.4.2] AndroidManifest.xml:12:13-84
163            android:directBootAware="true"
163-->[com.google.firebase:firebase-common:20.3.0] AndroidManifest.xml:34:13-43
164            android:exported="false" >
164-->[com.google.firebase:firebase-firestore-ktx:24.4.2] AndroidManifest.xml:13:13-37
165            <meta-data
165-->[com.google.firebase:firebase-firestore-ktx:24.4.2] AndroidManifest.xml:14:13-16:85
166                android:name="com.google.firebase.components:com.google.firebase.firestore.ktx.FirebaseFirestoreKtxRegistrar"
166-->[com.google.firebase:firebase-firestore-ktx:24.4.2] AndroidManifest.xml:15:17-126
167                android:value="com.google.firebase.components.ComponentRegistrar" />
167-->[com.google.firebase:firebase-firestore-ktx:24.4.2] AndroidManifest.xml:16:17-82
168            <meta-data
168-->[com.google.firebase:firebase-database-ktx:20.1.0] AndroidManifest.xml:14:13-16:85
169                android:name="com.google.firebase.components:com.google.firebase.database.ktx.FirebaseDatabaseKtxRegistrar"
169-->[com.google.firebase:firebase-database-ktx:20.1.0] AndroidManifest.xml:15:17-124
170                android:value="com.google.firebase.components.ComponentRegistrar" />
170-->[com.google.firebase:firebase-database-ktx:20.1.0] AndroidManifest.xml:16:17-82
171            <meta-data
171-->[com.google.firebase:firebase-auth-ktx:21.1.0] AndroidManifest.xml:11:13-13:85
172                android:name="com.google.firebase.components:com.google.firebase.auth.ktx.FirebaseAuthKtxRegistrar"
172-->[com.google.firebase:firebase-auth-ktx:21.1.0] AndroidManifest.xml:12:17-116
173                android:value="com.google.firebase.components.ComponentRegistrar" />
173-->[com.google.firebase:firebase-auth-ktx:21.1.0] AndroidManifest.xml:13:17-82
174            <meta-data
174-->[com.google.firebase:firebase-common-ktx:20.3.0] AndroidManifest.xml:14:13-16:85
175                android:name="com.google.firebase.components:com.google.firebase.ktx.FirebaseCommonKtxRegistrar"
175-->[com.google.firebase:firebase-common-ktx:20.3.0] AndroidManifest.xml:15:17-113
176                android:value="com.google.firebase.components.ComponentRegistrar" />
176-->[com.google.firebase:firebase-common-ktx:20.3.0] AndroidManifest.xml:16:17-82
177            <meta-data
177-->[com.google.firebase:firebase-auth:21.1.0] AndroidManifest.xml:67:13-69:85
178                android:name="com.google.firebase.components:com.google.firebase.auth.FirebaseAuthRegistrar"
178-->[com.google.firebase:firebase-auth:21.1.0] AndroidManifest.xml:68:17-109
179                android:value="com.google.firebase.components.ComponentRegistrar" />
179-->[com.google.firebase:firebase-auth:21.1.0] AndroidManifest.xml:69:17-82
180            <meta-data
180-->[com.google.firebase:firebase-firestore:24.4.2] AndroidManifest.xml:19:13-21:85
181                android:name="com.google.firebase.components:com.google.firebase.firestore.FirestoreRegistrar"
181-->[com.google.firebase:firebase-firestore:24.4.2] AndroidManifest.xml:20:17-111
182                android:value="com.google.firebase.components.ComponentRegistrar" />
182-->[com.google.firebase:firebase-firestore:24.4.2] AndroidManifest.xml:21:17-82
183            <meta-data
183-->[com.google.firebase:firebase-database:20.1.0] AndroidManifest.xml:31:13-33:85
184                android:name="com.google.firebase.components:com.google.firebase.database.DatabaseRegistrar"
184-->[com.google.firebase:firebase-database:20.1.0] AndroidManifest.xml:32:17-109
185                android:value="com.google.firebase.components.ComponentRegistrar" />
185-->[com.google.firebase:firebase-database:20.1.0] AndroidManifest.xml:33:17-82
186        </service>
187
188        <activity
188-->[com.google.firebase:firebase-auth:21.1.0] AndroidManifest.xml:27:9-44:20
189            android:name="com.google.firebase.auth.internal.GenericIdpActivity"
189-->[com.google.firebase:firebase-auth:21.1.0] AndroidManifest.xml:28:13-80
190            android:excludeFromRecents="true"
190-->[com.google.firebase:firebase-auth:21.1.0] AndroidManifest.xml:29:13-46
191            android:exported="true"
191-->[com.google.firebase:firebase-auth:21.1.0] AndroidManifest.xml:30:13-36
192            android:launchMode="singleTask"
192-->[com.google.firebase:firebase-auth:21.1.0] AndroidManifest.xml:31:13-44
193            android:theme="@android:style/Theme.Translucent.NoTitleBar" >
193-->[com.google.firebase:firebase-auth:21.1.0] AndroidManifest.xml:32:13-72
194            <intent-filter>
194-->[com.google.firebase:firebase-auth:21.1.0] AndroidManifest.xml:33:13-43:29
195                <action android:name="android.intent.action.VIEW" />
195-->[com.firebaseui:firebase-ui-auth:7.2.0] AndroidManifest.xml:93:17-69
195-->[com.firebaseui:firebase-ui-auth:7.2.0] AndroidManifest.xml:93:25-66
196
197                <category android:name="android.intent.category.DEFAULT" />
197-->[com.firebaseui:firebase-ui-auth:7.2.0] AndroidManifest.xml:95:17-76
197-->[com.firebaseui:firebase-ui-auth:7.2.0] AndroidManifest.xml:95:27-73
198                <category android:name="android.intent.category.BROWSABLE" />
198-->[com.firebaseui:firebase-ui-auth:7.2.0] AndroidManifest.xml:96:17-78
198-->[com.firebaseui:firebase-ui-auth:7.2.0] AndroidManifest.xml:96:27-75
199
200                <data
200-->[com.firebaseui:firebase-ui-auth:7.2.0] AndroidManifest.xml:98:17-81
201                    android:host="firebase.auth"
202                    android:path="/"
203                    android:scheme="genericidp" />
203-->[com.firebaseui:firebase-ui-auth:7.2.0] AndroidManifest.xml:98:23-78
204            </intent-filter>
205        </activity>
206        <activity
206-->[com.google.firebase:firebase-auth:21.1.0] AndroidManifest.xml:45:9-62:20
207            android:name="com.google.firebase.auth.internal.RecaptchaActivity"
207-->[com.google.firebase:firebase-auth:21.1.0] AndroidManifest.xml:46:13-79
208            android:excludeFromRecents="true"
208-->[com.google.firebase:firebase-auth:21.1.0] AndroidManifest.xml:47:13-46
209            android:exported="true"
209-->[com.google.firebase:firebase-auth:21.1.0] AndroidManifest.xml:48:13-36
210            android:launchMode="singleTask"
210-->[com.google.firebase:firebase-auth:21.1.0] AndroidManifest.xml:49:13-44
211            android:theme="@android:style/Theme.Translucent.NoTitleBar" >
211-->[com.google.firebase:firebase-auth:21.1.0] AndroidManifest.xml:50:13-72
212            <intent-filter>
212-->[com.google.firebase:firebase-auth:21.1.0] AndroidManifest.xml:51:13-61:29
213                <action android:name="android.intent.action.VIEW" />
213-->[com.firebaseui:firebase-ui-auth:7.2.0] AndroidManifest.xml:93:17-69
213-->[com.firebaseui:firebase-ui-auth:7.2.0] AndroidManifest.xml:93:25-66
214
215                <category android:name="android.intent.category.DEFAULT" />
215-->[com.firebaseui:firebase-ui-auth:7.2.0] AndroidManifest.xml:95:17-76
215-->[com.firebaseui:firebase-ui-auth:7.2.0] AndroidManifest.xml:95:27-73
216                <category android:name="android.intent.category.BROWSABLE" />
216-->[com.firebaseui:firebase-ui-auth:7.2.0] AndroidManifest.xml:96:17-78
216-->[com.firebaseui:firebase-ui-auth:7.2.0] AndroidManifest.xml:96:27-75
217
218                <data
218-->[com.firebaseui:firebase-ui-auth:7.2.0] AndroidManifest.xml:98:17-81
219                    android:host="firebase.auth"
220                    android:path="/"
221                    android:scheme="recaptcha" />
221-->[com.firebaseui:firebase-ui-auth:7.2.0] AndroidManifest.xml:98:23-78
222            </intent-filter>
223        </activity>
224        <activity
224-->[com.google.android.gms:play-services-auth:20.4.1] AndroidManifest.xml:23:9-27:75
225            android:name="com.google.android.gms.auth.api.signin.internal.SignInHubActivity"
225-->[com.google.android.gms:play-services-auth:20.4.1] AndroidManifest.xml:24:13-93
226            android:excludeFromRecents="true"
226-->[com.google.android.gms:play-services-auth:20.4.1] AndroidManifest.xml:25:13-46
227            android:exported="false"
227-->[com.google.android.gms:play-services-auth:20.4.1] AndroidManifest.xml:26:13-37
228            android:theme="@android:style/Theme.Translucent.NoTitleBar" />
228-->[com.google.android.gms:play-services-auth:20.4.1] AndroidManifest.xml:27:13-72
229        <!--
230            Service handling Google Sign-In user revocation. For apps that do not integrate with
231            Google Sign-In, this service will never be started.
232        -->
233        <service
233-->[com.google.android.gms:play-services-auth:20.4.1] AndroidManifest.xml:33:9-37:51
234            android:name="com.google.android.gms.auth.api.signin.RevocationBoundService"
234-->[com.google.android.gms:play-services-auth:20.4.1] AndroidManifest.xml:34:13-89
235            android:exported="true"
235-->[com.google.android.gms:play-services-auth:20.4.1] AndroidManifest.xml:35:13-36
236            android:permission="com.google.android.gms.auth.api.signin.permission.REVOCATION_NOTIFICATION"
236-->[com.google.android.gms:play-services-auth:20.4.1] AndroidManifest.xml:36:13-107
237            android:visibleToInstantApps="true" />
237-->[com.google.android.gms:play-services-auth:20.4.1] AndroidManifest.xml:37:13-48
238
239        <provider
239-->[com.google.firebase:firebase-common:20.3.0] AndroidManifest.xml:25:9-30:39
240            android:name="com.google.firebase.provider.FirebaseInitProvider"
240-->[com.google.firebase:firebase-common:20.3.0] AndroidManifest.xml:26:13-77
241            android:authorities="com.example.wildproject.firebaseinitprovider"
241-->[com.google.firebase:firebase-common:20.3.0] AndroidManifest.xml:27:13-72
242            android:directBootAware="true"
242-->[com.google.firebase:firebase-common:20.3.0] AndroidManifest.xml:28:13-43
243            android:exported="false"
243-->[com.google.firebase:firebase-common:20.3.0] AndroidManifest.xml:29:13-37
244            android:initOrder="100" />
244-->[com.google.firebase:firebase-common:20.3.0] AndroidManifest.xml:30:13-36
245
246        <activity
246-->[com.google.android.gms:play-services-base:18.0.1] AndroidManifest.xml:20:9-22:45
247            android:name="com.google.android.gms.common.api.GoogleApiActivity"
247-->[com.google.android.gms:play-services-base:18.0.1] AndroidManifest.xml:20:19-85
248            android:exported="false"
248-->[com.google.android.gms:play-services-base:18.0.1] AndroidManifest.xml:22:19-43
249            android:theme="@android:style/Theme.Translucent.NoTitleBar" />
249-->[com.google.android.gms:play-services-base:18.0.1] AndroidManifest.xml:21:19-78
250
251        <provider
251-->[androidx.emoji2:emoji2:1.2.0] AndroidManifest.xml:24:9-32:20
252            android:name="androidx.startup.InitializationProvider"
252-->[androidx.emoji2:emoji2:1.2.0] AndroidManifest.xml:25:13-67
253            android:authorities="com.example.wildproject.androidx-startup"
253-->[androidx.emoji2:emoji2:1.2.0] AndroidManifest.xml:26:13-68
254            android:exported="false" >
254-->[androidx.emoji2:emoji2:1.2.0] AndroidManifest.xml:27:13-37
255            <meta-data
255-->[androidx.emoji2:emoji2:1.2.0] AndroidManifest.xml:29:13-31:52
256                android:name="androidx.emoji2.text.EmojiCompatInitializer"
256-->[androidx.emoji2:emoji2:1.2.0] AndroidManifest.xml:30:17-75
257                android:value="androidx.startup" />
257-->[androidx.emoji2:emoji2:1.2.0] AndroidManifest.xml:31:17-49
258            <meta-data
258-->[androidx.lifecycle:lifecycle-process:2.4.1] AndroidManifest.xml:31:13-33:52
259                android:name="androidx.lifecycle.ProcessLifecycleInitializer"
259-->[androidx.lifecycle:lifecycle-process:2.4.1] AndroidManifest.xml:32:17-78
260                android:value="androidx.startup" />
260-->[androidx.lifecycle:lifecycle-process:2.4.1] AndroidManifest.xml:33:17-49
261        </provider>
262    </application>
263
264</manifest>